<?xml version="1.0" encoding="UTF-8"?>
<testng-results ignored="0" total="1" passed="1" failed="0" skipped="0">
  <reporter-output>
  </reporter-output>
  <suite started-at="2023-04-24T19:01:01 IST" name="Default suite" finished-at="2023-04-24T19:01:52 IST" duration-ms="51444">
    <groups>
    </groups>
    <test started-at="2023-04-24T19:01:01 IST" name="Default test" finished-at="2023-04-24T19:01:52 IST" duration-ms="51444">
      <class name="allseleniumpractice.SelectClass">
        <test-method is-config="true" signature="setup()[pri:0, instance:allseleniumpractice.SelectClass@1807e3f6]" started-at="2023-04-24T19:01:01 IST" name="setup" finished-at="2023-04-24T19:01:52 IST" duration-ms="50966" status="PASS">
          <reporter-output>
          </reporter-output>
        </test-method> <!-- setup -->
        <test-method signature="selectclass()[pri:0, instance:allseleniumpractice.SelectClass@1807e3f6]" started-at="2023-04-24T19:01:52 IST" name="selectclass" finished-at="2023-04-24T19:01:52 IST" duration-ms="285" status="PASS">
          <reporter-output>
          </reporter-output>
        </test-method> <!-- selectclass -->
      </class> <!-- allseleniumpractice.SelectClass -->
    </test> <!-- Default test -->
  </suite> <!-- Default suite -->
</testng-results>
