<?xml version="1.0" encoding="UTF-8"?>
<testng-results ignored="0" total="1" passed="1" failed="0" skipped="0">
  <reporter-output>
  </reporter-output>
  <suite started-at="2023-04-20T01:10:36 IST" name="Default suite" finished-at="2023-04-20T01:11:56 IST" duration-ms="80757">
    <groups>
    </groups>
    <test started-at="2023-04-20T01:10:36 IST" name="Default test" finished-at="2023-04-20T01:11:56 IST" duration-ms="80757">
      <class name="GoogleMap.DemoGoogleMap">
        <test-method is-config="true" signature="setup()[pri:0, instance:GoogleMap.DemoGoogleMap@480d3575]" started-at="2023-04-20T01:10:36 IST" name="setup" finished-at="2023-04-20T01:11:26 IST" duration-ms="50195" status="PASS">
          <reporter-output>
          </reporter-output>
        </test-method> <!-- setup -->
        <test-method signature="rediobutten()[pri:0, instance:GoogleMap.DemoGoogleMap@480d3575]" started-at="2023-04-20T01:11:27 IST" name="rediobutten" finished-at="2023-04-20T01:11:56 IST" duration-ms="29175" status="PASS">
          <reporter-output>
          </reporter-output>
        </test-method> <!-- rediobutten -->
      </class> <!-- GoogleMap.DemoGoogleMap -->
    </test> <!-- Default test -->
  </suite> <!-- Default suite -->
</testng-results>
